2025-04-16 15:41:01.872 +03:00 [INF] Starting application...
2025-04-16 15:41:12.935 +03:00 [INF] AuthWindow constructor started
2025-04-16 15:41:12.976 +03:00 [INF] Window registered with StepToContentConverter
2025-04-16 15:41:13.149 +03:00 [INF] Login step content created successfully
2025-04-16 15:41:13.181 +03:00 [INF] AuthViewModel created and set as DataContext
2025-04-16 15:41:13.209 +03:00 [INF] AuthWindow constructor completed successfully
2025-04-16 15:41:13.252 +03:00 [INF] Login step content created successfully
2025-04-16 15:41:13.533 +03:00 [INF] AuthWindow.OnOpened called
2025-04-16 15:41:13.544 +03:00 [INF] UpdateStepContent called for step 1
2025-04-16 15:41:13.570 +03:00 [INF] Login step content created successfully
2025-04-16 15:41:13.582 +03:00 [INF] Step content update completed for step 1
2025-04-16 15:41:13.587 +03:00 [INF] AuthWindow opened and positioned successfully
2025-04-16 15:41:32.329 +03:00 [INF] Starting application...
2025-04-16 15:42:05.682 +03:00 [INF] AuthWindow constructor started
2025-04-16 15:42:05.721 +03:00 [INF] Window registered with StepToContentConverter
2025-04-16 15:42:05.819 +03:00 [INF] Login step content created successfully
2025-04-16 15:42:05.847 +03:00 [INF] AuthViewModel created and set as DataContext
2025-04-16 15:42:05.875 +03:00 [INF] AuthWindow constructor completed successfully
2025-04-16 15:42:05.913 +03:00 [INF] Login step content created successfully
2025-04-16 15:42:06.173 +03:00 [INF] AuthWindow.OnOpened called
2025-04-16 15:42:06.193 +03:00 [INF] UpdateStepContent called for step 1
2025-04-16 15:42:06.237 +03:00 [INF] Login step content created successfully
2025-04-16 15:42:06.247 +03:00 [INF] Step content update completed for step 1
2025-04-16 15:42:06.251 +03:00 [INF] AuthWindow opened and positioned successfully
2025-04-16 15:42:21.221 +03:00 [INF] LOGIN REQUEST DETAILS: Username: admin, Password: [REDACTED], SkipTwoFactor: false
2025-04-16 15:42:23.666 +03:00 [INF] API login successful, transitioning to validation step (Step 2) for user admin
2025-04-16 15:42:23.713 +03:00 [INF] Authorization step content created successfully
2025-04-16 15:42:33.809 +03:00 [INF] User role determined: 1 (Admin: true)
2025-04-16 15:42:33.810 +03:00 [INF] User successfully authenticated: admin (Role: 1)
2025-04-16 15:42:33.825 +03:00 [INF] CreateSuccessStepContent method called
2025-04-16 15:42:33.846 +03:00 [INF] Success step content created successfully
2025-04-16 15:42:35.558 +03:00 [INF] Login process completed by user action.
2025-04-16 15:42:35.571 +03:00 [INF] Auth window found via DataContext, closing: AuthWindow
2025-04-16 15:42:37.253 +03:00 [INF] Starting LoadData for BusManagementViewModel
2025-04-16 15:42:37.282 +03:00 [INF] Starting LoadData for RouteManagementViewModel
2025-04-16 15:42:50.759 +03:00 [INF] Processing Buses response. Status: "OK"
2025-04-16 15:42:50.770 +03:00 [INF] Parsing 14 bus objects from JSON array.
2025-04-16 15:42:50.774 +03:00 [INF] Successfully parsed and filtered 14 valid buses.
2025-04-16 15:42:50.776 +03:00 [INF] Processing Routes response (for counts). Status: "OK"
2025-04-16 15:42:50.798 +03:00 [INF] Parsing 66 route objects from JSON array (for counts).
2025-04-16 15:42:50.806 +03:00 [INF] Successfully calculated route counts for 14 buses.
2025-04-16 15:42:50.811 +03:00 [INF] Processing Maintenance response (for counts). Status: "OK"
2025-04-16 15:42:50.822 +03:00 [INF] Parsing 14 maintenance objects from JSON array (for counts).
2025-04-16 15:42:50.827 +03:00 [INF] Successfully calculated maintenance counts for 14 buses.
2025-04-16 15:42:50.836 +03:00 [INF] Finished processing data. Displaying 14 buses.
2025-04-16 15:42:50.843 +03:00 [INF] LoadData finished for BusManagementViewModel.
2025-04-16 15:42:51.901 +03:00 [INF] Processing Routes response. Status: "OK"
2025-04-16 15:42:51.952 +03:00 [ERR] Routes JSON root was not an array: JsonObject
2025-04-16 15:42:51.954 +03:00 [INF] Processing Buses response. Status: "OK"
2025-04-16 15:42:51.957 +03:00 [ERR] Buses JSON root was not an array: JsonObject
2025-04-16 15:42:51.959 +03:00 [INF] Processing Drivers/Employees response. Status: "OK"
2025-04-16 15:42:51.962 +03:00 [INF] Parsing 0 driver objects from JSON array (for ComboBox).
2025-04-16 15:42:51.963 +03:00 [INF] Successfully parsed and filtered 0 valid drivers (for ComboBox).
2025-04-16 15:42:51.966 +03:00 [INF] Processing Tickets response. Status: "OK"
2025-04-16 15:42:51.982 +03:00 [ERR] Tickets JSON root was not an array: JsonObject
2025-04-16 15:42:51.986 +03:00 [INF] Finished processing all data. Displaying 0 routes.
2025-04-16 15:42:51.987 +03:00 [INF] Available Buses for ComboBox: 0
2025-04-16 15:42:51.989 +03:00 [INF] Available Drivers for ComboBox: 0
2025-04-16 15:42:51.990 +03:00 [INF] LoadData finished for RouteManagementViewModel.
2025-04-16 15:43:04.241 +03:00 [INF] Loaded 18 sales with total income 0
2025-04-16 15:43:06.012 +03:00 [INF] Loaded 37 available tickets across 66 routes
